<?xml version="1.0" encoding="UTF-8"?>
<!-- Generated by org.testng.reporters.JUnitReportReporter -->
<testsuite hostname="amlan" failures="0" tests="1" name="com.banking.obsmaven.ApplyDebitcard" time="0.008" errors="0" timestamp="2023-10-11T09:50:44 IST" skipped="0">
  <testcase classname="com.banking.obsmaven.ApplyDebitcard" name="applyDebitcard" time="0.008"/>
  <system-out/>
</testsuite> <!-- com.banking.obsmaven.ApplyDebitcard -->
