<?xml version="1.0" encoding="UTF-8"?>
<!-- Generated by org.testng.reporters.JUnitReportReporter -->
<testsuite hostname="amlan" failures="0" tests="1" name="com.banking.obsmaven.Test_2" time="0.006" errors="0" timestamp="2024-01-17T01:03:36 IST" skipped="0">
  <testcase classname="com.banking.obsmaven.Test_2" name="Mappim" time="0.006"/>
  <system-out/>
</testsuite> <!-- com.banking.obsmaven.Test_2 -->
