<?xml version="1.0" encoding="UTF-8"?>
<!-- Generated by org.testng.reporters.JUnitReportReporter -->
<testsuite hostname="amlan" failures="0" tests="1" name="com.banking.obsmaven.Createcust" time="0.001" errors="0" timestamp="2023-08-18T17:28:55 IST" skipped="0">
  <testcase classname="com.banking.obsmaven.Createcust" name="createcust" time="0.001"/>
  <system-out/>
</testsuite> <!-- com.banking.obsmaven.Createcust -->
