<?xml version="1.0" encoding="UTF-8"?>
<!-- Generated by org.testng.reporters.JUnitReportReporter -->
<testsuite hostname="amlan" failures="0" tests="1" name="com.banking.obsmaven.Modifycust" time="0.006" errors="0" timestamp="2023-08-18T17:41:36 IST" skipped="0">
  <testcase classname="com.banking.obsmaven.Modifycust" name="modifycust" time="0.006"/>
  <system-out/>
</testsuite> <!-- com.banking.obsmaven.Modifycust -->
